<?xml version="1.0" encoding="UTF-8"?>
<!-- Generated by org.testng.reporters.JUnitReportReporter -->
<testsuite hostname="LAPTOP-7JKA5527" failures="0" tests="1" name="com.api.tests.GetProfileTest" time="3.217" errors="0" timestamp="2025-03-08T16:13:05 IST" skipped="0">
  <testcase classname="com.api.tests.GetProfileTest" name="getProfile" time="3.217"/>
</testsuite> <!-- com.api.tests.GetProfileTest -->
