<?xml version="1.0" encoding="UTF-8"?>
<!-- Generated by org.testng.reporters.JUnitReportReporter -->
<testsuite hostname="LAPTOP-7JKA5527" failures="0" tests="1" name="com.api.tests.ForgotPasswordTest" time="2.940" errors="0" timestamp="2025-03-08T14:02:43 IST" skipped="0">
  <testcase classname="com.api.tests.ForgotPasswordTest" name="forgotPasswordTest" time="2.940"/>
</testsuite> <!-- com.api.tests.ForgotPasswordTest -->
