<?xml version="1.0" encoding="UTF-8"?>
<!-- Generated by org.testng.reporters.JUnitReportReporter -->
<testsuite hostname="LAPTOP-7JKA5527" failures="0" tests="1" name="com.api.tests.SignupTest" time="2.787" errors="0" timestamp="2025-03-08T14:07:15 IST" skipped="0">
  <testcase classname="com.api.tests.SignupTest" name="signUpTest" time="2.787"/>
</testsuite> <!-- com.api.tests.SignupTest -->
